2020-03-11 13:58:10,583 - [test_register.py-->line:54] - INFO: 用例注册成功_user6位密码6位,测试不通过
2020-03-11 13:58:10,837 - [test_register.py-->line:54] - INFO: 用例注册成功_user20位密码20位,测试不通过
2020-03-11 13:58:10,919 - [test_register.py-->line:54] - INFO: 用例注册不成功_user5位,测试不通过
2020-03-11 13:58:10,999 - [test_register.py-->line:54] - INFO: 用例注册不成功_user21位,测试不通过
2020-03-11 13:58:11,081 - [test_register.py-->line:54] - INFO: 用例注册不成功_密码5位,测试不通过
2020-03-11 13:58:11,163 - [test_register.py-->line:54] - INFO: 用例注册不成功_密码21位,测试不通过
2020-03-11 13:58:11,377 - [test_register.py-->line:54] - INFO: 用例注册不成功_邮箱格式不对,测试不通过
2020-03-11 13:58:11,454 - [test_register.py-->line:54] - INFO: 用例注册不成功_两次密码不一致,测试不通过
2020-03-11 13:58:11,534 - [test_register.py-->line:54] - INFO: 用例注册不成功_user为空,测试不通过
2020-03-11 13:58:11,744 - [test_register.py-->line:54] - INFO: 用例注册不成功_邮箱为空,测试不通过
2020-03-11 13:58:11,826 - [test_register.py-->line:54] - INFO: 用例注册不成功_密码为空为空,测试不通过
2020-03-11 13:58:11,904 - [test_register.py-->line:54] - INFO: 用例注册不成功_二次确认密码为空,测试不通过
2020-03-11 14:02:15,083 - [test_register.py-->line:54] - INFO: 用例注册成功_user6位密码6位,测试不通过
2020-03-11 14:02:15,284 - [test_register.py-->line:54] - INFO: 用例注册成功_user20位密码20位,测试不通过
2020-03-11 14:02:15,363 - [test_register.py-->line:54] - INFO: 用例注册不成功_user5位,测试不通过
2020-03-11 14:02:15,457 - [test_register.py-->line:54] - INFO: 用例注册不成功_user21位,测试不通过
2020-03-11 14:02:15,535 - [test_register.py-->line:54] - INFO: 用例注册不成功_密码5位,测试不通过
2020-03-11 14:02:15,616 - [test_register.py-->line:54] - INFO: 用例注册不成功_密码21位,测试不通过
2020-03-11 14:02:15,824 - [test_register.py-->line:54] - INFO: 用例注册不成功_邮箱格式不对,测试不通过
2020-03-11 14:02:15,910 - [test_register.py-->line:54] - INFO: 用例注册不成功_两次密码不一致,测试不通过
2020-03-11 14:02:15,993 - [test_register.py-->line:54] - INFO: 用例注册不成功_user为空,测试不通过
2020-03-11 14:02:16,205 - [test_register.py-->line:54] - INFO: 用例注册不成功_邮箱为空,测试不通过
2020-03-11 14:02:16,292 - [test_register.py-->line:54] - INFO: 用例注册不成功_密码为空为空,测试不通过
2020-03-11 14:02:16,378 - [test_register.py-->line:54] - INFO: 用例注册不成功_二次确认密码为空,测试不通过
2020-03-11 14:02:40,163 - [test_register.py-->line:54] - INFO: 用例注册成功_user6位密码6位,测试不通过
2020-03-11 14:02:40,362 - [test_register.py-->line:54] - INFO: 用例注册成功_user20位密码20位,测试不通过
2020-03-11 14:02:40,442 - [test_register.py-->line:54] - INFO: 用例注册不成功_user5位,测试不通过
2020-03-11 14:02:40,520 - [test_register.py-->line:54] - INFO: 用例注册不成功_user21位,测试不通过
2020-03-11 14:02:40,600 - [test_register.py-->line:54] - INFO: 用例注册不成功_密码5位,测试不通过
2020-03-11 14:02:40,677 - [test_register.py-->line:54] - INFO: 用例注册不成功_密码21位,测试不通过
2020-03-11 14:02:40,888 - [test_register.py-->line:54] - INFO: 用例注册不成功_邮箱格式不对,测试不通过
2020-03-11 14:02:40,969 - [test_register.py-->line:54] - INFO: 用例注册不成功_两次密码不一致,测试不通过
2020-03-11 14:02:41,048 - [test_register.py-->line:54] - INFO: 用例注册不成功_user为空,测试不通过
2020-03-11 14:02:41,265 - [test_register.py-->line:54] - INFO: 用例注册不成功_邮箱为空,测试不通过
2020-03-11 14:02:41,340 - [test_register.py-->line:54] - INFO: 用例注册不成功_密码为空为空,测试不通过
2020-03-11 14:02:41,421 - [test_register.py-->line:54] - INFO: 用例注册不成功_二次确认密码为空,测试不通过
2020-03-11 15:00:28,756 - [test_register.py-->line:54] - INFO: 用例注册成功_user6位密码6位,测试不通过
2020-03-11 15:00:29,015 - [test_register.py-->line:54] - INFO: 用例注册成功_user20位密码20位,测试不通过
2020-03-11 15:00:29,142 - [test_register.py-->line:54] - INFO: 用例注册不成功_user5位,测试不通过
2020-03-11 15:00:29,216 - [test_register.py-->line:54] - INFO: 用例注册不成功_user21位,测试不通过
2020-03-11 15:00:29,291 - [test_register.py-->line:54] - INFO: 用例注册不成功_密码5位,测试不通过
2020-03-11 15:00:29,368 - [test_register.py-->line:54] - INFO: 用例注册不成功_密码21位,测试不通过
2020-03-11 15:00:29,582 - [test_register.py-->line:54] - INFO: 用例注册不成功_邮箱格式不对,测试不通过
2020-03-11 15:00:29,660 - [test_register.py-->line:54] - INFO: 用例注册不成功_两次密码不一致,测试不通过
2020-03-11 15:00:29,740 - [test_register.py-->line:54] - INFO: 用例注册不成功_user为空,测试不通过
2020-03-11 15:00:29,938 - [test_register.py-->line:54] - INFO: 用例注册不成功_邮箱为空,测试不通过
2020-03-11 15:00:30,015 - [test_register.py-->line:54] - INFO: 用例注册不成功_密码为空为空,测试不通过
2020-03-11 15:00:30,091 - [test_register.py-->line:54] - INFO: 用例注册不成功_二次确认密码为空,测试不通过
